[debug] [2021-06-16T08:45:47.264Z] ----------------------------------------------------------------------
[debug] [2021-06-16T08:45:47.266Z] Command:       C:\Program Files\nodejs\node.exe C:\Users\IE\AppData\Roaming\npm\node_modules\firebase-tools\lib\bin\firebase.js init
[debug] [2021-06-16T08:45:47.266Z] CLI Version:   9.13.0
[debug] [2021-06-16T08:45:47.266Z] Platform:      win32
[debug] [2021-06-16T08:45:47.266Z] Node Version:  v14.17.1
[debug] [2021-06-16T08:45:47.267Z] Time:          Wed Jun 16 2021 15:45:47 GMT+0700 (Western Indonesia Time)
[debug] [2021-06-16T08:45:47.267Z] ----------------------------------------------------------------------
[debug] 
[debug] [2021-06-16T08:45:47.273Z] > command requires scopes: ["email","openid","https://www.googleapis.com/auth/cloudplatformprojects.readonly","https://www.googleapis.com/auth/firebase","https://www.googleapis.com/auth/cloud-platform"]
[debug] [2021-06-16T08:45:47.273Z] > authorizing via signed-in user (joanchristib@gmail.com)
[info] 
     ######## #### ########  ######## ########     ###     ######  ########
     ##        ##  ##     ## ##       ##     ##  ##   ##  ##       ##
     ######    ##  ########  ######   ########  #########  ######  ######
     ##        ##  ##    ##  ##       ##     ## ##     ##       ## ##
     ##       #### ##     ## ######## ########  ##     ##  ######  ########

You're about to initialize a Firebase project in this directory:

  D:\JB\HCI\ProjectLEC\BusinessCoach

[info] 
=== Project Setup
[info] 
[info] First, let's associate this project directory with a Firebase project.
[info] You can create multiple project aliases by running firebase use --add, 
[info] but for now we'll just set up a default project.
[info] 
[debug] [2021-06-16T08:46:23.709Z] >>> [apiv2][query] GET https://firebase.googleapis.com/v1beta1/projects pageSize=100
[debug] [2021-06-16T08:46:24.427Z] <<< [apiv2][status] GET https://firebase.googleapis.com/v1beta1/projects 200
[debug] [2021-06-16T08:46:24.428Z] <<< [apiv2][body] GET https://firebase.googleapis.com/v1beta1/projects [omitted]
[info] i  Using project businesscoach-ad485 (BusinessCoach) 
[info] 
=== Hosting Setup
[info] 
[info] Your public directory is the folder (relative to your project directory) that
[info] will contain Hosting assets to be uploaded with firebase deploy. If you
[info] have a build process for your assets, use your build's output directory.
[info] 
